<?xml version="1.0" encoding="UTF-8"?>
<!-- Generated by org.testng.reporters.JUnitReportReporter -->
<testsuite hostname="MSI" failures="0" tests="5" name="basic_test_cases.TestNGGroup" time="0.014" errors="0" timestamp="2022-02-06T17:51:00 EST" skipped="0">
  <testcase classname="basic_test_cases.TestNGGroup" name="addItem" time="0.001"/>
  <system-out/>
  <testcase classname="basic_test_cases.TestNGGroup" name="firstTest" time="0.007"/>
  <system-out/>
  <testcase classname="basic_test_cases.TestNGGroup" name="login" time="0.001"/>
  <system-out/>
  <testcase classname="basic_test_cases.TestNGGroup" name="login" time="0.000"/>
  <system-out/>
  <testcase classname="basic_test_cases.TestNGGroup" name="login" time="0.005"/>
  <system-out/>
</testsuite> <!-- basic_test_cases.TestNGGroup -->
