<?xml version="1.0" encoding="UTF-8"?>
<!-- Generated by org.testng.reporters.JUnitReportReporter -->
<testsuite hostname="MSI" failures="0" tests="3" name="basic_test_cases.TestNGTest2" time="0.002" errors="0" timestamp="2022-02-06T17:51:00 EST" skipped="0">
  <testcase classname="basic_test_cases.TestNGTest2" name="mobileCarLoanTest" time="0.001"/>
  <system-out/>
  <testcase classname="basic_test_cases.TestNGTest2" name="mobilePersonalInfo" time="0.000"/>
  <system-out/>
  <testcase classname="basic_test_cases.TestNGTest2" name="mobilePersonalInfo" time="0.001"/>
  <system-out/>
</testsuite> <!-- basic_test_cases.TestNGTest2 -->
